
--------------------------------------------------
TXLib соболезнует...

Программа: C:\Users\Мария\Desktop\mandelbrot\run.exe, файл: c:\users\мария\codeblocks\mingw\include\txlib.h, строка: 8740, функция: HWND__* {anonymous}::TX::txCreateWindow(double, double, bool),

Сообщение: Окно рисования уже создано!

#1: TXLib [Ver: 00173a, Rev: 173, Date: 2024-06-23 22:37:05 +0400], Instance: 0x005062FC (32-bit), Flags: CMdRe0, Thread: 0x3774 (Main), GetLastError(): 13 (Недопустимые данные). 

--------------------------------------------------
Стек вызовов:

# 0 0x0040363A in C:\Users\Мария\Desktop\mandelbrot\run.exe: (anonymous namespace)::TX::txCreateWindow() at c:/users/мария/codeblocks/mingw/include/txlib.h (8740)

# 1 0x0042C311 in C:\Users\Мария\Desktop\mandelbrot\run.exe: main() at C:/Users/Мария/Desktop/mandelbrot/src/main.cpp (56):

     54:         if (nxt_instr == ESC_C) break;
     55: 
=>   56:         txCreateWindow (WIDTH, HEIGHT);
     57:         CountAndRender(SHOW, EVALUATE, nxt_instr);
     58:     }

--------------------------------------------------
Стек вызовов TX:

# 0 in HWND__* {anonymous}::TX::txCreateWindow(double, double, bool) at c:\users\мария\codeblocks\mingw\include\txlib.h:8740:

   8738:         {
   8739: $       SetLastErrorEx (ERROR_INVALID_DATA, 0);
=> 8740: $       _TX_ON_DEBUG (TX_ERROR ("\a" "Окно рисования уже создано!"));
   8741: $       return wnd;
   8742:         }

# 1 in int main(int, char**) at src/main.cpp:56:

     54:         if (nxt_instr == ESC_C) break;
     55: 
=>   56:         txCreateWindow (WIDTH, HEIGHT);
     57:         CountAndRender(SHOW, EVALUATE, nxt_instr);
     58:     }

--------------------------------------------------
Developed with:

The Dumb Artist Library (TX Library)
TXLib [Ver: 00173a, Rev: 173, Date: 2024-06-23 22:37:05 +0400]
Copyright (C) Ded (Ilya Dedinsky, http://txlib.ru) <mail@txlib.ru>
See license on: http://txlib.ru

TXLib file:	c:\users\мария\codeblocks\mingw\include\txlib.h
Compiled:	Apr  2 2025 16:33:56, GNU g++ 4.8.1, std=201103L, MinGW Runtime 3.20, 32-bit, DEBUG
Started:	Apr 02 2025 20:52:37

Run file:	C:\Users\Мария\Desktop\mandelbrot\run.exe
Directory:	C:\Users\Мария\Desktop\mandelbrot

--------------------------------------------------

--------------------------------------------------
TXLib соболезнует...

Программа: C:\Users\Мария\Desktop\mandelbrot\run.exe, файл: c:\users\мария\codeblocks\mingw\include\txlib.h, строка: 8740, функция: HWND__* {anonymous}::TX::txCreateWindow(double, double, bool),

Сообщение: Окно рисования уже создано!

#1: TXLib [Ver: 00173a, Rev: 173, Date: 2024-06-23 22:37:05 +0400], Instance: 0x005062FC (32-bit), Flags: CMdRe0, Thread: 0x5434 (Main), GetLastError(): 13 (Недопустимые данные). 

--------------------------------------------------
Стек вызовов:

# 0 0x0040363A in C:\Users\Мария\Desktop\mandelbrot\run.exe: (anonymous namespace)::TX::txCreateWindow() at c:/users/мария/codeblocks/mingw/include/txlib.h (8740)

# 1 0x0042C311 in C:\Users\Мария\Desktop\mandelbrot\run.exe: main() at C:/Users/Мария/Desktop/mandelbrot/src/main.cpp (56):

     54:         scan_code_t nxt_instr = GetKey();
     55:         if (nxt_instr == ESC_C) break;
=>   56: 
     57:         CountAndRender(SHOW, EVALUATE, nxt_instr);
     58:     }

--------------------------------------------------
Стек вызовов TX:

# 0 in HWND__* {anonymous}::TX::txCreateWindow(double, double, bool) at c:\users\мария\codeblocks\mingw\include\txlib.h:8740:

   8738:         {
   8739: $       SetLastErrorEx (ERROR_INVALID_DATA, 0);
=> 8740: $       _TX_ON_DEBUG (TX_ERROR ("\a" "Окно рисования уже создано!"));
   8741: $       return wnd;
   8742:         }

# 1 in int main(int, char**) at src/main.cpp:56:

     54:         scan_code_t nxt_instr = GetKey();
     55:         if (nxt_instr == ESC_C) break;
=>   56: 
     57:         CountAndRender(SHOW, EVALUATE, nxt_instr);
     58:     }

--------------------------------------------------
Developed with:

The Dumb Artist Library (TX Library)
TXLib [Ver: 00173a, Rev: 173, Date: 2024-06-23 22:37:05 +0400]
Copyright (C) Ded (Ilya Dedinsky, http://txlib.ru) <mail@txlib.ru>
See license on: http://txlib.ru

TXLib file:	c:\users\мария\codeblocks\mingw\include\txlib.h
Compiled:	Apr  2 2025 16:33:56, GNU g++ 4.8.1, std=201103L, MinGW Runtime 3.20, 32-bit, DEBUG
Started:	Apr 02 2025 20:53:36

Run file:	C:\Users\Мария\Desktop\mandelbrot\run.exe
Directory:	C:\Users\Мария\Desktop\mandelbrot

--------------------------------------------------
